<?xml version="1.0" encoding="UTF-8"?>
<!-- Generated by org.testng.reporters.JUnitReportReporter -->
<testsuite hostname="DESKTOP-8C48EC6" failures="0" tests="5" name="testCases.TC_LoginDataDrivenTest" time="40.768" errors="0" timestamp="2023-02-08T16:11:53 IST" skipped="0">
  <testcase classname="testCases.TC_LoginDataDrivenTest" name="test_LoginDDT" time="2.684"/>
  <system-out/>
  <testcase classname="testCases.TC_LoginDataDrivenTest" name="test_LoginDDT" time="11.565"/>
  <system-out/>
  <testcase classname="testCases.TC_LoginDataDrivenTest" name="test_LoginDDT" time="4.158"/>
  <system-out/>
  <testcase classname="testCases.TC_LoginDataDrivenTest" name="test_LoginDDT" time="10.936"/>
  <system-out/>
  <testcase classname="testCases.TC_LoginDataDrivenTest" name="test_LoginDDT" time="11.425"/>
  <system-out/>
</testsuite> <!-- testCases.TC_LoginDataDrivenTest -->
