<?xml version="1.0" encoding="UTF-8"?>
<!-- Generated by org.testng.reporters.JUnitReportReporter -->
<testsuite hostname="DESKTOP-8C48EC6" failures="0" tests="1" name="testCases.TC_002_LoginTest" time="3.333" errors="0" timestamp="2023-02-08T17:02:43 IST" skipped="0">
  <testcase classname="testCases.TC_002_LoginTest" name="test_Login" time="3.333"/>
  <system-out/>
</testsuite> <!-- testCases.TC_002_LoginTest -->
