<?xml version="1.0" encoding="UTF-8"?>
<!-- Generated by org.testng.reporters.JUnitReportReporter -->
<testsuite hostname="DESKTOP-8C48EC6" failures="0" tests="5" name="testCases.TC_LoginDataDrivenTest" time="38.931" errors="0" timestamp="2023-01-26T19:49:05 IST" skipped="0">
  <testcase classname="testCases.TC_LoginDataDrivenTest" name="test_LoginDDT" time="11.155"/>
  <system-out/>
  <testcase classname="testCases.TC_LoginDataDrivenTest" name="test_LoginDDT" time="2.596"/>
  <system-out/>
  <testcase classname="testCases.TC_LoginDataDrivenTest" name="test_LoginDDT" time="10.928"/>
  <system-out/>
  <testcase classname="testCases.TC_LoginDataDrivenTest" name="test_LoginDDT" time="11.082"/>
  <system-out/>
  <testcase classname="testCases.TC_LoginDataDrivenTest" name="test_LoginDDT" time="3.170"/>
  <system-out/>
</testsuite> <!-- testCases.TC_LoginDataDrivenTest -->
