<?xml version="1.0" encoding="UTF-8"?>
<!-- Generated by org.testng.reporters.JUnitReportReporter -->
<testsuite hostname="DESKTOP-8C48EC6" failures="0" tests="1" name="testCases.TC_003_LogoutTest" time="1.358" errors="0" timestamp="2023-02-08T17:02:43 IST" skipped="0">
  <testcase classname="testCases.TC_003_LogoutTest" name="logout_Test" time="1.358"/>
  <system-out/>
</testsuite> <!-- testCases.TC_003_LogoutTest -->
