<?xml version="1.0" encoding="UTF-8"?>
<!-- Generated by org.testng.reporters.JUnitReportReporter -->
<testsuite hostname="DESKTOP-8C48EC6" failures="0" tests="1" name="testCases.TC_002_LoginTest" time="2.292" errors="0" timestamp="2023-01-24T11:05:37 IST" skipped="0">
  <testcase classname="testCases.TC_002_LoginTest" name="test_Login" time="2.292"/>
  <system-out/>
</testsuite> <!-- testCases.TC_002_LoginTest -->
